#
# There is insufficient memory for the Java Runtime Environment to continue.
# Native memory allocation (mmap) failed to map 125829120 bytes for G1 virtual space
# Possible reasons:
#   The system is out of physical RAM or swap space
#   The process is running with CompressedOops enabled, and the Java Heap may be blocking the growth of the native heap
# Possible solutions:
#   Reduce memory load on the system
#   Increase physical memory or swap space
#   Check if swap backing store is full
#   Decrease Java heap size (-Xmx/-Xms)
#   Decrease number of Java threads
#   Decrease Java thread stack sizes (-Xss)
#   Set larger code cache with -XX:ReservedCodeCacheSize=
#   JVM is running with Unscaled Compressed Oops mode in which the Java heap is
#     placed in the first 4GB address space. The Java Heap base address is the
#     maximum limit for the native heap growth. Please use -XX:HeapBaseMinAddress
#     to set the Java Heap base and to place the Java Heap above 4GB virtual address.
# This output file may be truncated or incomplete.
#
#  Out of Memory Error (os_windows.cpp:3771), pid=4292, tid=10628
#
# JRE version:  (17.0.7) (build )
# Java VM: OpenJDK 64-Bit Server VM (17.0.7+0-b2043.56-10550314, mixed mode, sharing, tiered, compressed oops, compressed class ptrs, g1 gc, windows-amd64)
# No core dump will be written. Minidumps are not enabled by default on client versions of Windows
#

---------------  S U M M A R Y ------------

Command Line: org.jetbrains.kotlin.cli.jvm.K2JVMCompiler @C:\AndroidStudioProjects\Resort\app\build\20240325_3213460900275156942.compiler.options

Host: AMD PRO A4-3350B APU with Radeon R4 Graphics   , 4 cores, 7G,  Windows 10 , 64 bit Build 18362 (10.0.18362.329)
Time: Mon Mar 25 20:18:32 2024 India Standard Time elapsed time: 0.036156 seconds (0d 0h 0m 0s)

---------------  T H R E A D  ---------------

Current thread (0x0000024f6766b070):  JavaThread "Unknown thread" [_thread_in_vm, id=10628, stack(0x000000ac12400000,0x000000ac12500000)]

Stack: [0x000000ac12400000,0x000000ac12500000]
Native frames: (J=compiled Java code, j=interpreted, Vv=VM code, C=native code)
V  [jvm.dll+0x683bfa]
V  [jvm.dll+0x8430a4]
V  [jvm.dll+0x8449be]
V  [jvm.dll+0x845023]
V  [jvm.dll+0x24ad2f]
V  [jvm.dll+0x680ac9]
V  [jvm.dll+0x67519a]
V  [jvm.dll+0x30b3cb]
V  [jvm.dll+0x312876]
V  [jvm.dll+0x36221e]
V  [jvm.dll+0x36244f]
V  [jvm.dll+0x2e14a8]
V  [jvm.dll+0x2e2414]
V  [jvm.dll+0x814391]
V  [jvm.dll+0x36ffe1]
V  [jvm.dll+0x7f396c]
V  [jvm.dll+0x3f305f]
V  [jvm.dll+0x3f4b91]
C  [jli.dll+0x528f]
C  [ucrtbase.dll+0x20e72]
C  [KERNEL32.DLL+0x17bd4]
C  [ntdll.dll+0x6ced1]


---------------  P R O C E S S  ---------------

Threads class SMR info:
_java_thread_list=0x00007ff844d7d098, length=0, elements={
}

Java Threads: ( => current thread )

Other Threads:
  0x0000024f676c26c0 GCTaskThread "GC Thread#0" [stack: 0x000000ac12600000,0x000000ac12700000] [id=4196]
  0x0000024f676d32e0 ConcurrentGCThread "G1 Main Marker" [stack: 0x000000ac12700000,0x000000ac12800000] [id=1304]
  0x0000024f676d3c00 ConcurrentGCThread "G1 Conc#0" [stack: 0x000000ac12800000,0x000000ac12900000] [id=12496]

[error occurred during error reporting (printing all threads), id 0xc0000005, EXCEPTION_ACCESS_VIOLATION (0xc0000005) at pc=0x00007ff844532087]

VM state: not at safepoint (not fully initialized)

VM Mutex/Monitor currently owned by a thread:  ([mutex/lock_event])
[0x0000024f67666590] Heap_lock - owner thread: 0x0000024f6766b070

Heap address: 0x0000000089200000, size: 1902 MB, Compressed Oops mode: 32-bit

CDS archive(s) mapped at: [0x0000000000000000-0x0000000000000000-0x0000000000000000), size 0, SharedBaseAddress: 0x0000000800000000, ArchiveRelocationMode: 0.
Narrow klass base: 0x0000000000000000, Narrow klass shift: 0, Narrow klass range: 0x0

GC Precious Log:
<Empty>

Heap:
 garbage-first heap   total 0K, used 0K [0x0000000089200000, 0x0000000100000000)
  region size 1024K, 0 young (0K), 0 survivors (0K)
 Metaspace       used 0K, committed 0K, reserved 0K
  class space    used 0K, committed 0K, reserved 0K

Heap Regions: E=young(eden), S=young(survivor), O=old, HS=humongous(starts), HC=humongous(continues), CS=collection set, F=free, OA=open archive, CA=closed archive, TAMS=top-at-mark-start (previous, next)

Card table byte_map: [0x0000024f79f00000,0x0000024f7a2c0000] _byte_map_base: 0x0000024f79ab7000

Marking Bits (Prev, Next): (CMBitMap*) 0x0000024f676c3bf0, (CMBitMap*) 0x0000024f676c3c30
 Prev Bits: [0x0000024f7a680000, 0x0000024f7c438000)
 Next Bits: [0x0000024f7c440000, 0x0000024f7e1f8000)

GC Heap History (0 events):
No events

Dll operation events (1 events):
Event: 0.023 Loaded shared library C:\Program Files\Android\Android Studio\jbr\bin\java.dll

Deoptimization events (0 events):
No events

Classes unloaded (0 events):
No events

Classes redefined (0 events):
No events

Internal exceptions (0 events):
No events

VM Operations (0 events):
No events

Events (0 events):
No events


Dynamic libraries:
0x00007ff76cec0000 - 0x00007ff76ceca000 	C:\Program Files\Android\Android Studio\jbr\bin\java.exe
0x00007ff893720000 - 0x00007ff893910000 	C:\Windows\SYSTEM32\ntdll.dll
0x00007ff892de0000 - 0x00007ff892e92000 	C:\Windows\System32\KERNEL32.DLL
0x00007ff8906b0000 - 0x00007ff890953000 	C:\Windows\System32\KERNELBASE.dll
0x00007ff890f50000 - 0x00007ff89104a000 	C:\Windows\System32\ucrtbase.dll
0x00007ff8645d0000 - 0x00007ff8645e7000 	C:\Program Files\Android\Android Studio\jbr\bin\jli.dll
0x00007ff8917d0000 - 0x00007ff891964000 	C:\Windows\System32\USER32.dll
0x00007ff890a30000 - 0x00007ff890a51000 	C:\Windows\System32\win32u.dll
0x00007ff891e50000 - 0x00007ff891e76000 	C:\Windows\System32\GDI32.dll
0x00007ff890d60000 - 0x00007ff890ef4000 	C:\Windows\System32\gdi32full.dll
0x00007ff890960000 - 0x00007ff8909fe000 	C:\Windows\System32\msvcp_win.dll
0x00007ff88cb60000 - 0x00007ff88cb7b000 	C:\Program Files\Android\Android Studio\jbr\bin\VCRUNTIME140.dll
0x00007ff883b80000 - 0x00007ff883e05000 	C:\Windows\WinSxS\amd64_microsoft.windows.common-controls_6595b64144ccf1df_6.0.18362.719_none_e6c7b883130c6729\COMCTL32.dll
0x00007ff891a70000 - 0x00007ff891b0e000 	C:\Windows\System32\msvcrt.dll
0x00007ff892940000 - 0x00007ff892c76000 	C:\Windows\System32\combase.dll
0x00007ff891be0000 - 0x00007ff891d00000 	C:\Windows\System32\RPCRT4.dll
0x00007ff890ce0000 - 0x00007ff890d60000 	C:\Windows\System32\bcryptPrimitives.dll
0x00007ff8919e0000 - 0x00007ff891a0e000 	C:\Windows\System32\IMM32.DLL
0x00007ff88cf10000 - 0x00007ff88cf1c000 	C:\Program Files\Android\Android Studio\jbr\bin\vcruntime140_1.dll
0x00007ff87b880000 - 0x00007ff87b90d000 	C:\Program Files\Android\Android Studio\jbr\bin\msvcp140.dll
0x00007ff844240000 - 0x00007ff844ec0000 	C:\Program Files\Android\Android Studio\jbr\bin\server\jvm.dll
0x00007ff892c80000 - 0x00007ff892d23000 	C:\Windows\System32\ADVAPI32.dll
0x00007ff8924a0000 - 0x00007ff892537000 	C:\Windows\System32\sechost.dll
0x00007ff88d090000 - 0x00007ff88d099000 	C:\Windows\SYSTEM32\WSOCK32.dll
0x00007ff892840000 - 0x00007ff8928af000 	C:\Windows\System32\WS2_32.dll
0x00007ff88e760000 - 0x00007ff88e784000 	C:\Windows\SYSTEM32\WINMM.dll
0x00007ff886a60000 - 0x00007ff886a6a000 	C:\Windows\SYSTEM32\VERSION.dll
0x00007ff88e630000 - 0x00007ff88e65d000 	C:\Windows\SYSTEM32\WINMMBASE.dll
0x00007ff890f00000 - 0x00007ff890f4a000 	C:\Windows\System32\cfgmgr32.dll
0x00007ff8905f0000 - 0x00007ff890601000 	C:\Windows\System32\kernel.appcore.dll
0x00007ff88d050000 - 0x00007ff88d05a000 	C:\Program Files\Android\Android Studio\jbr\bin\jimage.dll
0x00007ff87e290000 - 0x00007ff87e484000 	C:\Windows\SYSTEM32\DBGHELP.DLL
0x00007ff87e9a0000 - 0x00007ff87e9ca000 	C:\Windows\SYSTEM32\dbgcore.DLL
0x00007ff8845f0000 - 0x00007ff884615000 	C:\Program Files\Android\Android Studio\jbr\bin\java.dll

dbghelp: loaded successfully - version: 4.0.5 - missing functions: none
symbol engine: initialized successfully - sym options: 0x614 - pdb path: .;C:\Program Files\Android\Android Studio\jbr\bin;C:\Windows\SYSTEM32;C:\Windows\WinSxS\amd64_microsoft.windows.common-controls_6595b64144ccf1df_6.0.18362.719_none_e6c7b883130c6729;C:\Program Files\Android\Android Studio\jbr\bin\server

VM Arguments:
java_command: org.jetbrains.kotlin.cli.jvm.K2JVMCompiler @C:\AndroidStudioProjects\Resort\app\build\20240325_3213460900275156942.compiler.options
java_class_path (initial): C:\Users\ACER\.gradle\caches\modules-2\files-2.1\org.jetbrains.kotlin\kotlin-compiler-embeddable\1.8.20\78d9baa57f65babf9e0a93e51f62f26f5f35ac3e\kotlin-compiler-embeddable-1.8.20.jar;C:\Users\ACER\.gradle\caches\modules-2\files-2.1\org.jetbrains.kotlin\kotlin-stdlib\1.8.20\e72fc5e03ec6c064c678a6bd0d955c88d55b0c4a\kotlin-stdlib-1.8.20.jar;C:\Users\ACER\.gradle\caches\modules-2\files-2.1\org.jetbrains.kotlin\kotlin-script-runtime\1.8.20\c850771e723701f9d63dbcf641429c0f29290074\kotlin-script-runtime-1.8.20.jar;C:\Users\ACER\.gradle\caches\modules-2\files-2.1\org.jetbrains.kotlin\kotlin-reflect\1.6.10\1cbe9c92c12a94eea200d23c2bbaedaf3daf5132\kotlin-reflect-1.6.10.jar;C:\Users\ACER\.gradle\caches\modules-2\files-2.1\org.jetbrains.kotlin\kotlin-daemon-embeddable\1.8.20\c1b808fbe5fee60bd0504a54778120ef40f383d4\kotlin-daemon-embeddable-1.8.20.jar;C:\Users\ACER\.gradle\caches\modules-2\files-2.1\org.jetbrains.intellij.deps\trove4j\1.0.20200330\3afb14d5f9ceb459d724e907a21145e8ff394f02\trove4j-1.0.20200330.jar;C:\Users\ACER\.gradle\caches\modules-2\files-2.1\net.java.dev.jna\jna\5.6.0\330f2244e9030119ab3030fc3fededc86713d9cc\jna-5.6.0.jar;C:\Users\ACER\.gradle\caches\modules-2\files-2.1\org.jetbrains.kotlin\kotlin-stdlib-common\1.8.20\5eddaaf234c8c49d03eebeb6a14feb7f90faca71\kotlin-stdlib-common-1.8.20.jar;C:\Users\ACER\.gradle\caches\modules-2\files-2.1\org.jetbrains\annotations\13.0\919f0dfe192fb4e063e7dacadee7f8bb9a2672a9\annotations-13.0.jar
Launcher Type: SUN_STANDARD

[Global flags]
     intx CICompilerCount                          = 3                                         {product} {ergonomic}
     uint ConcGCThreads                            = 1                                         {product} {ergonomic}
     uint G1ConcRefinementThreads                  = 4                                         {product} {ergonomic}
   size_t G1HeapRegionSize                         = 1048576                                   {product} {ergonomic}
    uintx GCDrainStackTargetSize                   = 64                                        {product} {ergonomic}
   size_t InitialHeapSize                          = 125829120                                 {product} {ergonomic}
   size_t MarkStackSize                            = 4194304                                   {product} {ergonomic}
   size_t MaxHeapSize                              = 1994391552                                {product} {ergonomic}
   size_t MinHeapDeltaBytes                        = 1048576                                   {product} {ergonomic}
   size_t MinHeapSize                              = 8388608                                   {product} {ergonomic}
    uintx NonNMethodCodeHeapSize                   = 5832780                                {pd product} {ergonomic}
    uintx NonProfiledCodeHeapSize                  = 122912730                              {pd product} {ergonomic}
    uintx ProfiledCodeHeapSize                     = 122912730                              {pd product} {ergonomic}
    uintx ReservedCodeCacheSize                    = 251658240                              {pd product} {ergonomic}
     bool SegmentedCodeCache                       = true                                      {product} {ergonomic}
   size_t SoftMaxHeapSize                          = 1994391552                             {manageable} {ergonomic}
     bool UseCompressedClassPointers               = true                           {product lp64_product} {ergonomic}
     bool UseCompressedOops                        = true                           {product lp64_product} {ergonomic}
     bool UseG1GC                                  = true                                      {product} {ergonomic}
     bool UseLargePagesIndividualAllocation        = false                                  {pd product} {ergonomic}

Logging:
Log output configuration:
 #0: stdout all=warning uptime,level,tags
 #1: stderr all=off uptime,level,tags

Environment Variables:
PATH=C:\Program Files\Common Files\Oracle\Java\javapath;C:\Windows\system32;C:\Windows;C:\Windows\System32\Wbem;C:\Windows\System32\WindowsPowerShell\v1.0\;C:\Windows\System32\OpenSSH\;C:\Program Files\Git\cmd;E:\SK Infotech Data\platform-tools_r31.0.2-windows\platform-tools;C:\Users\ACER\AppData\Local\Microsoft\WindowsApps;C:\Program Files\JetBrains\PyCharm Community Edition 2020.2.3\bin;;C:\Program Files\Azure Data Studio\bin
USERNAME=ACER
OS=Windows_NT
PROCESSOR_IDENTIFIER=AMD64 Family 22 Model 48 Stepping 1, AuthenticAMD
TMP=C:\Users\ACER\AppData\Local\Temp
TEMP=C:\Users\ACER\AppData\Local\Temp


JNI global refs:
JNI global refs: 0, weak refs: 0

JNI global refs memory usage: 0, weak refs: 0

OOME stack traces (most recent first):
Classloader memory used:


---------------  S Y S T E M  ---------------

OS:
 Windows 10 , 64 bit Build 18362 (10.0.18362.329)
OS uptime: 0 days 3:10 hours

CPU: total 4 (initial active 4) (4 cores per cpu, 1 threads per core) family 22 model 48 stepping 1 microcode 0x0, cx8, cmov, fxsr, mmx, 3dnowpref, sse, sse2, sse3, ssse3, sse4a, sse4.1, sse4.2, popcnt, lzcnt, tsc, tscinvbit, avx, aes, clmul, bmi1, vzeroupper, clflush

Memory: 4k page, system-wide physical 7601M (802M free)
TotalPageFile size 9601M (AvailPageFile size 11M)
current process WorkingSet (physical memory assigned to process): 9M, peak: 10M
current process commit charge ("private bytes"): 51M, peak: 171M

vm_info: OpenJDK 64-Bit Server VM (17.0.7+0-b2043.56-10550314) for windows-amd64 JRE (17.0.7+0-b2043.56-10550314), built on Jul 24 2023 18:27:45 by "androidbuild" with MS VC++ 16.10 / 16.11 (VS2019)

END.
